Arguments: 
  C:\Program Files (x86)\nodejs\node.exe C:\Users\Khurram Ali\AppData\Roaming\npm\node_modules\yarn\bin\yarn.js add theme-ui @theme-ui-presets

PATH: 
  C:\Users\Khurram Ali\bin;C:\Program Files\Git\mingw64\bin;C:\Program Files\Git\usr\local\bin;C:\Program Files\Git\usr\bin;C:\Program Files\Git\usr\bin;C:\Program Files\Git\mingw64\bin;C:\Program Files\Git\usr\bin;C:\Users\Khurram Ali\bin;C:\Python39\Scripts;C:\Python39;C:\Windows\system32;C:\Windows;C:\Windows\System32\Wbem;C:\Windows\System32\WindowsPowerShell\v1.0;C:\Program Files\Git\cmd;C:\Program Files (x86)\nodejs;C:\ProgramData\chocolatey\bin;D:\installed\vs-code\bin;C:\Users\Khurram Ali\AppData\Roaming\npm;C:\Program Files\Git\usr\bin\vendor_perl;C:\Program Files\Git\usr\bin\core_perl

Yarn version: 
  1.22.10

Node version: 
  14.17.0

Platform: 
  win32 ia32

Trace: 
  Error: https://registry.yarnpkg.com/@theme-ui-presets: Request "https://registry.yarnpkg.com/@theme-ui-presets" returned a 405
      at Request.params.callback [as _callback] (C:\Users\Khurram Ali\AppData\Roaming\npm\node_modules\yarn\lib\cli.js:66997:18)
      at Request.self.callback (C:\Users\Khurram Ali\AppData\Roaming\npm\node_modules\yarn\lib\cli.js:140662:22)
      at Request.emit (events.js:376:20)
      at Request.<anonymous> (C:\Users\Khurram Ali\AppData\Roaming\npm\node_modules\yarn\lib\cli.js:141634:10)
      at Request.emit (events.js:376:20)
      at IncomingMessage.<anonymous> (C:\Users\Khurram Ali\AppData\Roaming\npm\node_modules\yarn\lib\cli.js:141556:12)
      at Object.onceWrapper (events.js:482:28)
      at IncomingMessage.emit (events.js:388:22)
      at endReadableNT (internal/streams/readable.js:1336:12)
      at processTicksAndRejections (internal/process/task_queues.js:82:21)

npm manifest: 
  {
    "name": "www",
    "version": "1.0.0",
    "description": "",
    "main": "index.js",
    "scripts": {
      "develop": "gatsby develop",
      "build": "gatsby build",
      "clean": "gatsby clean",
      "test": "echo \"Error: no test specified\" && exit 1"
    },
    "keywords": [],
    "author": "",
    "license": "ISC",
    "dependencies": {
      "gatsby": "^3.6.1",
      "react": "^17.0.2",
      "react-dom": "^17.0.2"
    }
  }

yarn manifest: 
  No manifest

Lockfile: 
  No lockfile
